-------------------------------------------------------------------------------
Test set: freedays.domain.RequestIntegrationTest
-------------------------------------------------------------------------------
Tests run: 8, Failures: 0, Errors: 1, Skipped: 0, Time elapsed: 1.085 sec <<< FAILURE!
testPersist(freedays.domain.RequestIntegrationTest)  Time elapsed: 0.083 sec  <<< ERROR!
java.lang.RuntimeException: [ConstraintDescriptorImpl{annotation=javax.validation.constraints.NotNull, payloads=[], hasComposingConstraints=true, isReportAsSingleInvalidConstraint=false, elementType=FIELD, definedOn=DEFINED_LOCALLY, groups=[interface javax.validation.groups.Default], attributes={message={javax.validation.constraints.NotNull.message}, payload=[Ljava.lang.Class;@53281264, groups=[Ljava.lang.Class;@6bcf8de2}}:may not be null=null]
	at freedays.app.FreeDayDataOnDemand.init(FreeDayDataOnDemand.java:74)
	at freedays.app.FreeDayDataOnDemand_Roo_DataOnDemand.ajc$interMethod$freedays_app_FreeDayDataOnDemand_Roo_DataOnDemand$freedays_app_FreeDayDataOnDemand$getSpecificFreeDayL(FreeDayDataOnDemand_Roo_DataOnDemand.aj:43)
	at freedays.app.FreeDayDataOnDemand.getSpecificFreeDayL(FreeDayDataOnDemand.java:1)
	at freedays.app.FreeDayDataOnDemand_Roo_DataOnDemand.ajc$interMethodDispatch1$freedays_app_FreeDayDataOnDemand_Roo_DataOnDemand$freedays_app_FreeDayDataOnDemand$getSpecificFreeDayL(FreeDayDataOnDemand_Roo_DataOnDemand.aj)
	at freedays.domain.RequestDataOnDemand_Roo_DataOnDemand.ajc$interMethod$freedays_domain_RequestDataOnDemand_Roo_DataOnDemand$freedays_domain_RequestDataOnDemand$setRequestable(RequestDataOnDemand_Roo_DataOnDemand.aj:59)
	at freedays.domain.RequestDataOnDemand.setRequestable(RequestDataOnDemand.java:1)
	at freedays.domain.RequestDataOnDemand_Roo_DataOnDemand.ajc$interMethodDispatch1$freedays_domain_RequestDataOnDemand_Roo_DataOnDemand$freedays_domain_RequestDataOnDemand$setRequestable(RequestDataOnDemand_Roo_DataOnDemand.aj)
	at freedays.domain.RequestDataOnDemand_Roo_DataOnDemand.ajc$interMethod$freedays_domain_RequestDataOnDemand_Roo_DataOnDemand$freedays_domain_RequestDataOnDemand$getNewTransientRequest(RequestDataOnDemand_Roo_DataOnDemand.aj:38)
	at freedays.domain.RequestDataOnDemand.getNewTransientRequest(RequestDataOnDemand.java:1)
	at freedays.domain.RequestDataOnDemand_Roo_DataOnDemand.ajc$interMethodDispatch1$freedays_domain_RequestDataOnDemand_Roo_DataOnDemand$freedays_domain_RequestDataOnDemand$getNewTransientRequest(RequestDataOnDemand_Roo_DataOnDemand.aj)
	at freedays.domain.RequestIntegrationTest_Roo_IntegrationTest.ajc$interMethod$freedays_domain_RequestIntegrationTest_Roo_IntegrationTest$freedays_domain_RequestIntegrationTest$testPersist(RequestIntegrationTest_Roo_IntegrationTest.aj:95)
	at freedays.domain.RequestIntegrationTest.testPersist(RequestIntegrationTest.java:1)
	at sun.reflect.NativeMethodAccessorImpl.invoke0(Native Method)
	at sun.reflect.NativeMethodAccessorImpl.invoke(NativeMethodAccessorImpl.java:39)
	at sun.reflect.DelegatingMethodAccessorImpl.invoke(DelegatingMethodAccessorImpl.java:25)
	at java.lang.reflect.Method.invoke(Method.java:597)
	at org.junit.runners.model.FrameworkMethod$1.runReflectiveCall(FrameworkMethod.java:44)
	at org.junit.internal.runners.model.ReflectiveCallable.run(ReflectiveCallable.java:15)
	at org.junit.runners.model.FrameworkMethod.invokeExplosively(FrameworkMethod.java:41)
	at org.junit.internal.runners.statements.InvokeMethod.evaluate(InvokeMethod.java:20)
	at org.springframework.test.context.junit4.statements.RunBeforeTestMethodCallbacks.evaluate(RunBeforeTestMethodCallbacks.java:74)
	at org.springframework.test.context.junit4.statements.RunAfterTestMethodCallbacks.evaluate(RunAfterTestMethodCallbacks.java:82)
	at org.springframework.test.context.junit4.statements.SpringRepeat.evaluate(SpringRepeat.java:72)
	at org.springframework.test.context.junit4.SpringJUnit4ClassRunner.runChild(SpringJUnit4ClassRunner.java:240)
	at org.junit.runners.BlockJUnit4ClassRunner.runChild(BlockJUnit4ClassRunner.java:49)
	at org.junit.runners.ParentRunner$3.run(ParentRunner.java:193)
	at org.junit.runners.ParentRunner$1.schedule(ParentRunner.java:52)
	at org.junit.runners.ParentRunner.runChildren(ParentRunner.java:191)
	at org.junit.runners.ParentRunner.access$000(ParentRunner.java:42)
	at org.junit.runners.ParentRunner$2.evaluate(ParentRunner.java:184)
	at org.springframework.test.context.junit4.statements.RunBeforeTestClassCallbacks.evaluate(RunBeforeTestClassCallbacks.java:61)
	at org.springframework.test.context.junit4.statements.RunAfterTestClassCallbacks.evaluate(RunAfterTestClassCallbacks.java:70)
	at org.junit.runners.ParentRunner.run(ParentRunner.java:236)
	at org.springframework.test.context.junit4.SpringJUnit4ClassRunner.run(SpringJUnit4ClassRunner.java:180)
	at org.apache.maven.surefire.junit4.JUnit4TestSet.execute(JUnit4TestSet.java:35)
	at org.apache.maven.surefire.junit4.JUnit4Provider.executeTestSet(JUnit4Provider.java:115)
	at org.apache.maven.surefire.junit4.JUnit4Provider.invoke(JUnit4Provider.java:97)
	at sun.reflect.NativeMethodAccessorImpl.invoke0(Native Method)
	at sun.reflect.NativeMethodAccessorImpl.invoke(NativeMethodAccessorImpl.java:39)
	at sun.reflect.DelegatingMethodAccessorImpl.invoke(DelegatingMethodAccessorImpl.java:25)
	at java.lang.reflect.Method.invoke(Method.java:597)
	at org.apache.maven.surefire.booter.ProviderFactory$ClassLoaderProxy.invoke(ProviderFactory.java:103)
	at $Proxy0.invoke(Unknown Source)
	at org.apache.maven.surefire.booter.SurefireStarter.invokeProvider(SurefireStarter.java:150)
	at org.apache.maven.surefire.booter.SurefireStarter.runSuitesInProcess(SurefireStarter.java:91)
	at org.apache.maven.surefire.booter.ForkedBooter.main(ForkedBooter.java:69)
Caused by: javax.validation.ConstraintViolationException: Validation failed for classes [freedays.app.FreeDayL] during persist time for groups [javax.validation.groups.Default, ]
List of constraint violations:[
	ConstraintViolationImpl{interpolatedMessage='may not be null', propertyPath=date, rootBeanClass=class freedays.app.FreeDayL, messageTemplate='{javax.validation.constraints.NotNull.message}'}
]
	at org.hibernate.cfg.beanvalidation.BeanValidationEventListener.validate(BeanValidationEventListener.java:161)
	at org.hibernate.cfg.beanvalidation.BeanValidationEventListener.onPreInsert(BeanValidationEventListener.java:94)
	at org.hibernate.action.EntityIdentityInsertAction.preInsert(EntityIdentityInsertAction.java:160)
	at org.hibernate.action.EntityIdentityInsertAction.execute(EntityIdentityInsertAction.java:65)
	at org.hibernate.engine.ActionQueue.execute(ActionQueue.java:273)
	at org.hibernate.event.def.AbstractSaveEventListener.performSaveOrReplicate(AbstractSaveEventListener.java:320)
	at org.hibernate.event.def.AbstractSaveEventListener.performSave(AbstractSaveEventListener.java:203)
	at org.hibernate.event.def.AbstractSaveEventListener.saveWithGeneratedId(AbstractSaveEventListener.java:129)
	at org.hibernate.ejb.event.EJB3PersistEventListener.saveWithGeneratedId(EJB3PersistEventListener.java:69)
	at org.hibernate.event.def.DefaultPersistEventListener.entityIsTransient(DefaultPersistEventListener.java:179)
	at org.hibernate.event.def.DefaultPersistEventListener.onPersist(DefaultPersistEventListener.java:135)
	at org.hibernate.event.def.DefaultPersistEventListener.onPersist(DefaultPersistEventListener.java:61)
	at org.hibernate.impl.SessionImpl.firePersist(SessionImpl.java:808)
	at org.hibernate.impl.SessionImpl.persist(SessionImpl.java:782)
	at org.hibernate.impl.SessionImpl.persist(SessionImpl.java:786)
	at org.hibernate.ejb.AbstractEntityManagerImpl.persist(AbstractEntityManagerImpl.java:672)
	at sun.reflect.GeneratedMethodAccessor13.invoke(Unknown Source)
	at sun.reflect.DelegatingMethodAccessorImpl.invoke(DelegatingMethodAccessorImpl.java:25)
	at java.lang.reflect.Method.invoke(Method.java:597)
	at org.springframework.orm.jpa.SharedEntityManagerCreator$SharedEntityManagerInvocationHandler.invoke(SharedEntityManagerCreator.java:240)
	at $Proxy58.persist(Unknown Source)
	at freedays.app.FreeDay_Roo_Entity.ajc$interMethod$freedays_app_FreeDay_Roo_Entity$freedays_app_FreeDay$persist(FreeDay_Roo_Entity.aj:59)
	at freedays.app.FreeDay.persist(FreeDay.java:1)
	at freedays.app.FreeDay_Roo_Entity.ajc$interMethodDispatch1$freedays_app_FreeDay_Roo_Entity$freedays_app_FreeDay$persist(FreeDay_Roo_Entity.aj)
	at freedays.app.FreeDayDataOnDemand.init(FreeDayDataOnDemand.java:67)
	... 45 more

