-------------------------------------------------------------------------------
Test set: freedays.app.FreeDayVacationIntegrationTest
-------------------------------------------------------------------------------
Tests run: 13, Failures: 0, Errors: 8, Skipped: 0, Time elapsed: 5.349 sec <<< FAILURE!
testFlush(freedays.app.FreeDayVacationIntegrationTest)  Time elapsed: 0.422 sec  <<< ERROR!
java.lang.RuntimeException: [ConstraintDescriptorImpl{annotation=javax.validation.constraints.NotNull, payloads=[], hasComposingConstraints=true, isReportAsSingleInvalidConstraint=false, elementType=FIELD, definedOn=DEFINED_LOCALLY, groups=[interface javax.validation.groups.Default], attributes={message={javax.validation.constraints.NotNull.message}, payload=[Ljava.lang.Class;@53281264, groups=[Ljava.lang.Class;@6bcf8de2}}:may not be null=null]
	at freedays.app.FreeDayVacationDataOnDemand.init(FreeDayVacationDataOnDemand.java:35)
	at freedays.app.FreeDayVacationDataOnDemand_Roo_DataOnDemand.ajc$interMethod$freedays_app_FreeDayVacationDataOnDemand_Roo_DataOnDemand$freedays_app_FreeDayVacationDataOnDemand$getRandomFreeDayVacation(FreeDayVacationDataOnDemand_Roo_DataOnDemand.aj:73)
	at freedays.app.FreeDayVacationDataOnDemand.getRandomFreeDayVacation(FreeDayVacationDataOnDemand.java:1)
	at freedays.app.FreeDayVacationDataOnDemand_Roo_DataOnDemand.ajc$interMethodDispatch1$freedays_app_FreeDayVacationDataOnDemand_Roo_DataOnDemand$freedays_app_FreeDayVacationDataOnDemand$getRandomFreeDayVacation(FreeDayVacationDataOnDemand_Roo_DataOnDemand.aj)
	at freedays.app.FreeDayVacationIntegrationTest_Roo_IntegrationTest.ajc$interMethod$freedays_app_FreeDayVacationIntegrationTest_Roo_IntegrationTest$freedays_app_FreeDayVacationIntegrationTest$testFlush(FreeDayVacationIntegrationTest_Roo_IntegrationTest.aj:65)
	at freedays.app.FreeDayVacationIntegrationTest.testFlush(FreeDayVacationIntegrationTest.java:1)
	at sun.reflect.NativeMethodAccessorImpl.invoke0(Native Method)
	at sun.reflect.NativeMethodAccessorImpl.invoke(NativeMethodAccessorImpl.java:39)
	at sun.reflect.DelegatingMethodAccessorImpl.invoke(DelegatingMethodAccessorImpl.java:25)
	at java.lang.reflect.Method.invoke(Method.java:597)
	at org.junit.runners.model.FrameworkMethod$1.runReflectiveCall(FrameworkMethod.java:44)
	at org.junit.internal.runners.model.ReflectiveCallable.run(ReflectiveCallable.java:15)
	at org.junit.runners.model.FrameworkMethod.invokeExplosively(FrameworkMethod.java:41)
	at org.junit.internal.runners.statements.InvokeMethod.evaluate(InvokeMethod.java:20)
	at org.junit.internal.runners.statements.RunBefores.evaluate(RunBefores.java:28)
	at org.springframework.test.context.junit4.statements.RunBeforeTestMethodCallbacks.evaluate(RunBeforeTestMethodCallbacks.java:74)
	at org.junit.internal.runners.statements.RunAfters.evaluate(RunAfters.java:31)
	at org.springframework.test.context.junit4.statements.RunAfterTestMethodCallbacks.evaluate(RunAfterTestMethodCallbacks.java:82)
	at org.springframework.test.context.junit4.statements.SpringRepeat.evaluate(SpringRepeat.java:72)
	at org.springframework.test.context.junit4.SpringJUnit4ClassRunner.runChild(SpringJUnit4ClassRunner.java:240)
	at org.junit.runners.BlockJUnit4ClassRunner.runChild(BlockJUnit4ClassRunner.java:49)
	at org.junit.runners.ParentRunner$3.run(ParentRunner.java:193)
	at org.junit.runners.ParentRunner$1.schedule(ParentRunner.java:52)
	at org.junit.runners.ParentRunner.runChildren(ParentRunner.java:191)
	at org.junit.runners.ParentRunner.access$000(ParentRunner.java:42)
	at org.junit.runners.ParentRunner$2.evaluate(ParentRunner.java:184)
	at org.springframework.test.context.junit4.statements.RunBeforeTestClassCallbacks.evaluate(RunBeforeTestClassCallbacks.java:61)
	at org.springframework.test.context.junit4.statements.RunAfterTestClassCallbacks.evaluate(RunAfterTestClassCallbacks.java:70)
	at org.junit.runners.ParentRunner.run(ParentRunner.java:236)
	at org.springframework.test.context.junit4.SpringJUnit4ClassRunner.run(SpringJUnit4ClassRunner.java:180)
	at org.apache.maven.surefire.junit4.JUnit4TestSet.execute(JUnit4TestSet.java:35)
	at org.apache.maven.surefire.junit4.JUnit4Provider.executeTestSet(JUnit4Provider.java:115)
	at org.apache.maven.surefire.junit4.JUnit4Provider.invoke(JUnit4Provider.java:97)
	at sun.reflect.NativeMethodAccessorImpl.invoke0(Native Method)
	at sun.reflect.NativeMethodAccessorImpl.invoke(NativeMethodAccessorImpl.java:39)
	at sun.reflect.DelegatingMethodAccessorImpl.invoke(DelegatingMethodAccessorImpl.java:25)
	at java.lang.reflect.Method.invoke(Method.java:597)
	at org.apache.maven.surefire.booter.ProviderFactory$ClassLoaderProxy.invoke(ProviderFactory.java:103)
	at $Proxy0.invoke(Unknown Source)
	at org.apache.maven.surefire.booter.SurefireStarter.invokeProvider(SurefireStarter.java:150)
	at org.apache.maven.surefire.booter.SurefireStarter.runSuitesInProcess(SurefireStarter.java:91)
	at org.apache.maven.surefire.booter.ForkedBooter.main(ForkedBooter.java:69)
Caused by: javax.validation.ConstraintViolationException: Validation failed for classes [freedays.app.FreeDayVacation] during persist time for groups [javax.validation.groups.Default, ]
List of constraint violations:[
	ConstraintViolationImpl{interpolatedMessage='may not be null', propertyPath=date, rootBeanClass=class freedays.app.FreeDayVacation, messageTemplate='{javax.validation.constraints.NotNull.message}'}
]
	at org.hibernate.cfg.beanvalidation.BeanValidationEventListener.validate(BeanValidationEventListener.java:161)
	at org.hibernate.cfg.beanvalidation.BeanValidationEventListener.onPreInsert(BeanValidationEventListener.java:94)
	at org.hibernate.action.EntityIdentityInsertAction.preInsert(EntityIdentityInsertAction.java:160)
	at org.hibernate.action.EntityIdentityInsertAction.execute(EntityIdentityInsertAction.java:65)
	at org.hibernate.engine.ActionQueue.execute(ActionQueue.java:273)
	at org.hibernate.event.def.AbstractSaveEventListener.performSaveOrReplicate(AbstractSaveEventListener.java:320)
	at org.hibernate.event.def.AbstractSaveEventListener.performSave(AbstractSaveEventListener.java:203)
	at org.hibernate.event.def.AbstractSaveEventListener.saveWithGeneratedId(AbstractSaveEventListener.java:129)
	at org.hibernate.ejb.event.EJB3PersistEventListener.saveWithGeneratedId(EJB3PersistEventListener.java:69)
	at org.hibernate.event.def.DefaultPersistEventListener.entityIsTransient(DefaultPersistEventListener.java:179)
	at org.hibernate.event.def.DefaultPersistEventListener.onPersist(DefaultPersistEventListener.java:135)
	at org.hibernate.event.def.DefaultPersistEventListener.onPersist(DefaultPersistEventListener.java:61)
	at org.hibernate.impl.SessionImpl.firePersist(SessionImpl.java:808)
	at org.hibernate.impl.SessionImpl.persist(SessionImpl.java:782)
	at org.hibernate.impl.SessionImpl.persist(SessionImpl.java:786)
	at org.hibernate.ejb.AbstractEntityManagerImpl.persist(AbstractEntityManagerImpl.java:672)
	at sun.reflect.GeneratedMethodAccessor13.invoke(Unknown Source)
	at sun.reflect.DelegatingMethodAccessorImpl.invoke(DelegatingMethodAccessorImpl.java:25)
	at java.lang.reflect.Method.invoke(Method.java:597)
	at org.springframework.orm.jpa.SharedEntityManagerCreator$SharedEntityManagerInvocationHandler.invoke(SharedEntityManagerCreator.java:240)
	at $Proxy58.persist(Unknown Source)
	at freedays.app.FreeDay_Roo_Entity.ajc$interMethod$freedays_app_FreeDay_Roo_Entity$freedays_app_FreeDay$persist(FreeDay_Roo_Entity.aj:59)
	at freedays.app.FreeDay.persist(FreeDay.java:1)
	at freedays.app.FreeDay_Roo_Entity.ajc$interMethodDispatch1$freedays_app_FreeDay_Roo_Entity$freedays_app_FreeDay$persist(FreeDay_Roo_Entity.aj)
	at freedays.app.FreeDayVacationDataOnDemand.init(FreeDayVacationDataOnDemand.java:28)
	... 41 more

testMerge(freedays.app.FreeDayVacationIntegrationTest)  Time elapsed: 0.391 sec  <<< ERROR!
java.lang.RuntimeException: [ConstraintDescriptorImpl{annotation=javax.validation.constraints.NotNull, payloads=[], hasComposingConstraints=true, isReportAsSingleInvalidConstraint=false, elementType=FIELD, definedOn=DEFINED_LOCALLY, groups=[interface javax.validation.groups.Default], attributes={message={javax.validation.constraints.NotNull.message}, payload=[Ljava.lang.Class;@53281264, groups=[Ljava.lang.Class;@6bcf8de2}}:may not be null=null]
	at freedays.app.FreeDayVacationDataOnDemand.init(FreeDayVacationDataOnDemand.java:35)
	at freedays.app.FreeDayVacationDataOnDemand_Roo_DataOnDemand.ajc$interMethod$freedays_app_FreeDayVacationDataOnDemand_Roo_DataOnDemand$freedays_app_FreeDayVacationDataOnDemand$getRandomFreeDayVacation(FreeDayVacationDataOnDemand_Roo_DataOnDemand.aj:73)
	at freedays.app.FreeDayVacationDataOnDemand.getRandomFreeDayVacation(FreeDayVacationDataOnDemand.java:1)
	at freedays.app.FreeDayVacationDataOnDemand_Roo_DataOnDemand.ajc$interMethodDispatch1$freedays_app_FreeDayVacationDataOnDemand_Roo_DataOnDemand$freedays_app_FreeDayVacationDataOnDemand$getRandomFreeDayVacation(FreeDayVacationDataOnDemand_Roo_DataOnDemand.aj)
	at freedays.app.FreeDayVacationIntegrationTest_Roo_IntegrationTest.ajc$interMethod$freedays_app_FreeDayVacationIntegrationTest_Roo_IntegrationTest$freedays_app_FreeDayVacationIntegrationTest$testMerge(FreeDayVacationIntegrationTest_Roo_IntegrationTest.aj:79)
	at freedays.app.FreeDayVacationIntegrationTest.testMerge(FreeDayVacationIntegrationTest.java:1)
	at sun.reflect.NativeMethodAccessorImpl.invoke0(Native Method)
	at sun.reflect.NativeMethodAccessorImpl.invoke(NativeMethodAccessorImpl.java:39)
	at sun.reflect.DelegatingMethodAccessorImpl.invoke(DelegatingMethodAccessorImpl.java:25)
	at java.lang.reflect.Method.invoke(Method.java:597)
	at org.junit.runners.model.FrameworkMethod$1.runReflectiveCall(FrameworkMethod.java:44)
	at org.junit.internal.runners.model.ReflectiveCallable.run(ReflectiveCallable.java:15)
	at org.junit.runners.model.FrameworkMethod.invokeExplosively(FrameworkMethod.java:41)
	at org.junit.internal.runners.statements.InvokeMethod.evaluate(InvokeMethod.java:20)
	at org.junit.internal.runners.statements.RunBefores.evaluate(RunBefores.java:28)
	at org.springframework.test.context.junit4.statements.RunBeforeTestMethodCallbacks.evaluate(RunBeforeTestMethodCallbacks.java:74)
	at org.junit.internal.runners.statements.RunAfters.evaluate(RunAfters.java:31)
	at org.springframework.test.context.junit4.statements.RunAfterTestMethodCallbacks.evaluate(RunAfterTestMethodCallbacks.java:82)
	at org.springframework.test.context.junit4.statements.SpringRepeat.evaluate(SpringRepeat.java:72)
	at org.springframework.test.context.junit4.SpringJUnit4ClassRunner.runChild(SpringJUnit4ClassRunner.java:240)
	at org.junit.runners.BlockJUnit4ClassRunner.runChild(BlockJUnit4ClassRunner.java:49)
	at org.junit.runners.ParentRunner$3.run(ParentRunner.java:193)
	at org.junit.runners.ParentRunner$1.schedule(ParentRunner.java:52)
	at org.junit.runners.ParentRunner.runChildren(ParentRunner.java:191)
	at org.junit.runners.ParentRunner.access$000(ParentRunner.java:42)
	at org.junit.runners.ParentRunner$2.evaluate(ParentRunner.java:184)
	at org.springframework.test.context.junit4.statements.RunBeforeTestClassCallbacks.evaluate(RunBeforeTestClassCallbacks.java:61)
	at org.springframework.test.context.junit4.statements.RunAfterTestClassCallbacks.evaluate(RunAfterTestClassCallbacks.java:70)
	at org.junit.runners.ParentRunner.run(ParentRunner.java:236)
	at org.springframework.test.context.junit4.SpringJUnit4ClassRunner.run(SpringJUnit4ClassRunner.java:180)
	at org.apache.maven.surefire.junit4.JUnit4TestSet.execute(JUnit4TestSet.java:35)
	at org.apache.maven.surefire.junit4.JUnit4Provider.executeTestSet(JUnit4Provider.java:115)
	at org.apache.maven.surefire.junit4.JUnit4Provider.invoke(JUnit4Provider.java:97)
	at sun.reflect.NativeMethodAccessorImpl.invoke0(Native Method)
	at sun.reflect.NativeMethodAccessorImpl.invoke(NativeMethodAccessorImpl.java:39)
	at sun.reflect.DelegatingMethodAccessorImpl.invoke(DelegatingMethodAccessorImpl.java:25)
	at java.lang.reflect.Method.invoke(Method.java:597)
	at org.apache.maven.surefire.booter.ProviderFactory$ClassLoaderProxy.invoke(ProviderFactory.java:103)
	at $Proxy0.invoke(Unknown Source)
	at org.apache.maven.surefire.booter.SurefireStarter.invokeProvider(SurefireStarter.java:150)
	at org.apache.maven.surefire.booter.SurefireStarter.runSuitesInProcess(SurefireStarter.java:91)
	at org.apache.maven.surefire.booter.ForkedBooter.main(ForkedBooter.java:69)
Caused by: javax.validation.ConstraintViolationException: Validation failed for classes [freedays.app.FreeDayVacation] during persist time for groups [javax.validation.groups.Default, ]
List of constraint violations:[
	ConstraintViolationImpl{interpolatedMessage='may not be null', propertyPath=date, rootBeanClass=class freedays.app.FreeDayVacation, messageTemplate='{javax.validation.constraints.NotNull.message}'}
]
	at org.hibernate.cfg.beanvalidation.BeanValidationEventListener.validate(BeanValidationEventListener.java:161)
	at org.hibernate.cfg.beanvalidation.BeanValidationEventListener.onPreInsert(BeanValidationEventListener.java:94)
	at org.hibernate.action.EntityIdentityInsertAction.preInsert(EntityIdentityInsertAction.java:160)
	at org.hibernate.action.EntityIdentityInsertAction.execute(EntityIdentityInsertAction.java:65)
	at org.hibernate.engine.ActionQueue.execute(ActionQueue.java:273)
	at org.hibernate.event.def.AbstractSaveEventListener.performSaveOrReplicate(AbstractSaveEventListener.java:320)
	at org.hibernate.event.def.AbstractSaveEventListener.performSave(AbstractSaveEventListener.java:203)
	at org.hibernate.event.def.AbstractSaveEventListener.saveWithGeneratedId(AbstractSaveEventListener.java:129)
	at org.hibernate.ejb.event.EJB3PersistEventListener.saveWithGeneratedId(EJB3PersistEventListener.java:69)
	at org.hibernate.event.def.DefaultPersistEventListener.entityIsTransient(DefaultPersistEventListener.java:179)
	at org.hibernate.event.def.DefaultPersistEventListener.onPersist(DefaultPersistEventListener.java:135)
	at org.hibernate.event.def.DefaultPersistEventListener.onPersist(DefaultPersistEventListener.java:61)
	at org.hibernate.impl.SessionImpl.firePersist(SessionImpl.java:808)
	at org.hibernate.impl.SessionImpl.persist(SessionImpl.java:782)
	at org.hibernate.impl.SessionImpl.persist(SessionImpl.java:786)
	at org.hibernate.ejb.AbstractEntityManagerImpl.persist(AbstractEntityManagerImpl.java:672)
	at sun.reflect.GeneratedMethodAccessor13.invoke(Unknown Source)
	at sun.reflect.DelegatingMethodAccessorImpl.invoke(DelegatingMethodAccessorImpl.java:25)
	at java.lang.reflect.Method.invoke(Method.java:597)
	at org.springframework.orm.jpa.SharedEntityManagerCreator$SharedEntityManagerInvocationHandler.invoke(SharedEntityManagerCreator.java:240)
	at $Proxy58.persist(Unknown Source)
	at freedays.app.FreeDay_Roo_Entity.ajc$interMethod$freedays_app_FreeDay_Roo_Entity$freedays_app_FreeDay$persist(FreeDay_Roo_Entity.aj:59)
	at freedays.app.FreeDay.persist(FreeDay.java:1)
	at freedays.app.FreeDay_Roo_Entity.ajc$interMethodDispatch1$freedays_app_FreeDay_Roo_Entity$freedays_app_FreeDay$persist(FreeDay_Roo_Entity.aj)
	at freedays.app.FreeDayVacationDataOnDemand.init(FreeDayVacationDataOnDemand.java:28)
	... 41 more

testPersist(freedays.app.FreeDayVacationIntegrationTest)  Time elapsed: 0.447 sec  <<< ERROR!
java.lang.RuntimeException: [ConstraintDescriptorImpl{annotation=javax.validation.constraints.NotNull, payloads=[], hasComposingConstraints=true, isReportAsSingleInvalidConstraint=false, elementType=FIELD, definedOn=DEFINED_LOCALLY, groups=[interface javax.validation.groups.Default], attributes={message={javax.validation.constraints.NotNull.message}, payload=[Ljava.lang.Class;@53281264, groups=[Ljava.lang.Class;@6bcf8de2}}:may not be null=null]
	at freedays.app.FreeDayVacationDataOnDemand.init(FreeDayVacationDataOnDemand.java:35)
	at freedays.app.FreeDayVacationDataOnDemand_Roo_DataOnDemand.ajc$interMethod$freedays_app_FreeDayVacationDataOnDemand_Roo_DataOnDemand$freedays_app_FreeDayVacationDataOnDemand$getRandomFreeDayVacation(FreeDayVacationDataOnDemand_Roo_DataOnDemand.aj:73)
	at freedays.app.FreeDayVacationDataOnDemand.getRandomFreeDayVacation(FreeDayVacationDataOnDemand.java:1)
	at freedays.app.FreeDayVacationDataOnDemand_Roo_DataOnDemand.ajc$interMethodDispatch1$freedays_app_FreeDayVacationDataOnDemand_Roo_DataOnDemand$freedays_app_FreeDayVacationDataOnDemand$getRandomFreeDayVacation(FreeDayVacationDataOnDemand_Roo_DataOnDemand.aj)
	at freedays.app.FreeDayVacationIntegrationTest_Roo_IntegrationTest.ajc$interMethod$freedays_app_FreeDayVacationIntegrationTest_Roo_IntegrationTest$freedays_app_FreeDayVacationIntegrationTest$testPersist(FreeDayVacationIntegrationTest_Roo_IntegrationTest.aj:94)
	at freedays.app.FreeDayVacationIntegrationTest.testPersist(FreeDayVacationIntegrationTest.java:1)
	at sun.reflect.NativeMethodAccessorImpl.invoke0(Native Method)
	at sun.reflect.NativeMethodAccessorImpl.invoke(NativeMethodAccessorImpl.java:39)
	at sun.reflect.DelegatingMethodAccessorImpl.invoke(DelegatingMethodAccessorImpl.java:25)
	at java.lang.reflect.Method.invoke(Method.java:597)
	at org.junit.runners.model.FrameworkMethod$1.runReflectiveCall(FrameworkMethod.java:44)
	at org.junit.internal.runners.model.ReflectiveCallable.run(ReflectiveCallable.java:15)
	at org.junit.runners.model.FrameworkMethod.invokeExplosively(FrameworkMethod.java:41)
	at org.junit.internal.runners.statements.InvokeMethod.evaluate(InvokeMethod.java:20)
	at org.junit.internal.runners.statements.RunBefores.evaluate(RunBefores.java:28)
	at org.springframework.test.context.junit4.statements.RunBeforeTestMethodCallbacks.evaluate(RunBeforeTestMethodCallbacks.java:74)
	at org.junit.internal.runners.statements.RunAfters.evaluate(RunAfters.java:31)
	at org.springframework.test.context.junit4.statements.RunAfterTestMethodCallbacks.evaluate(RunAfterTestMethodCallbacks.java:82)
	at org.springframework.test.context.junit4.statements.SpringRepeat.evaluate(SpringRepeat.java:72)
	at org.springframework.test.context.junit4.SpringJUnit4ClassRunner.runChild(SpringJUnit4ClassRunner.java:240)
	at org.junit.runners.BlockJUnit4ClassRunner.runChild(BlockJUnit4ClassRunner.java:49)
	at org.junit.runners.ParentRunner$3.run(ParentRunner.java:193)
	at org.junit.runners.ParentRunner$1.schedule(ParentRunner.java:52)
	at org.junit.runners.ParentRunner.runChildren(ParentRunner.java:191)
	at org.junit.runners.ParentRunner.access$000(ParentRunner.java:42)
	at org.junit.runners.ParentRunner$2.evaluate(ParentRunner.java:184)
	at org.springframework.test.context.junit4.statements.RunBeforeTestClassCallbacks.evaluate(RunBeforeTestClassCallbacks.java:61)
	at org.springframework.test.context.junit4.statements.RunAfterTestClassCallbacks.evaluate(RunAfterTestClassCallbacks.java:70)
	at org.junit.runners.ParentRunner.run(ParentRunner.java:236)
	at org.springframework.test.context.junit4.SpringJUnit4ClassRunner.run(SpringJUnit4ClassRunner.java:180)
	at org.apache.maven.surefire.junit4.JUnit4TestSet.execute(JUnit4TestSet.java:35)
	at org.apache.maven.surefire.junit4.JUnit4Provider.executeTestSet(JUnit4Provider.java:115)
	at org.apache.maven.surefire.junit4.JUnit4Provider.invoke(JUnit4Provider.java:97)
	at sun.reflect.NativeMethodAccessorImpl.invoke0(Native Method)
	at sun.reflect.NativeMethodAccessorImpl.invoke(NativeMethodAccessorImpl.java:39)
	at sun.reflect.DelegatingMethodAccessorImpl.invoke(DelegatingMethodAccessorImpl.java:25)
	at java.lang.reflect.Method.invoke(Method.java:597)
	at org.apache.maven.surefire.booter.ProviderFactory$ClassLoaderProxy.invoke(ProviderFactory.java:103)
	at $Proxy0.invoke(Unknown Source)
	at org.apache.maven.surefire.booter.SurefireStarter.invokeProvider(SurefireStarter.java:150)
	at org.apache.maven.surefire.booter.SurefireStarter.runSuitesInProcess(SurefireStarter.java:91)
	at org.apache.maven.surefire.booter.ForkedBooter.main(ForkedBooter.java:69)
Caused by: javax.validation.ConstraintViolationException: Validation failed for classes [freedays.app.FreeDayVacation] during persist time for groups [javax.validation.groups.Default, ]
List of constraint violations:[
	ConstraintViolationImpl{interpolatedMessage='may not be null', propertyPath=date, rootBeanClass=class freedays.app.FreeDayVacation, messageTemplate='{javax.validation.constraints.NotNull.message}'}
]
	at org.hibernate.cfg.beanvalidation.BeanValidationEventListener.validate(BeanValidationEventListener.java:161)
	at org.hibernate.cfg.beanvalidation.BeanValidationEventListener.onPreInsert(BeanValidationEventListener.java:94)
	at org.hibernate.action.EntityIdentityInsertAction.preInsert(EntityIdentityInsertAction.java:160)
	at org.hibernate.action.EntityIdentityInsertAction.execute(EntityIdentityInsertAction.java:65)
	at org.hibernate.engine.ActionQueue.execute(ActionQueue.java:273)
	at org.hibernate.event.def.AbstractSaveEventListener.performSaveOrReplicate(AbstractSaveEventListener.java:320)
	at org.hibernate.event.def.AbstractSaveEventListener.performSave(AbstractSaveEventListener.java:203)
	at org.hibernate.event.def.AbstractSaveEventListener.saveWithGeneratedId(AbstractSaveEventListener.java:129)
	at org.hibernate.ejb.event.EJB3PersistEventListener.saveWithGeneratedId(EJB3PersistEventListener.java:69)
	at org.hibernate.event.def.DefaultPersistEventListener.entityIsTransient(DefaultPersistEventListener.java:179)
	at org.hibernate.event.def.DefaultPersistEventListener.onPersist(DefaultPersistEventListener.java:135)
	at org.hibernate.event.def.DefaultPersistEventListener.onPersist(DefaultPersistEventListener.java:61)
	at org.hibernate.impl.SessionImpl.firePersist(SessionImpl.java:808)
	at org.hibernate.impl.SessionImpl.persist(SessionImpl.java:782)
	at org.hibernate.impl.SessionImpl.persist(SessionImpl.java:786)
	at org.hibernate.ejb.AbstractEntityManagerImpl.persist(AbstractEntityManagerImpl.java:672)
	at sun.reflect.GeneratedMethodAccessor13.invoke(Unknown Source)
	at sun.reflect.DelegatingMethodAccessorImpl.invoke(DelegatingMethodAccessorImpl.java:25)
	at java.lang.reflect.Method.invoke(Method.java:597)
	at org.springframework.orm.jpa.SharedEntityManagerCreator$SharedEntityManagerInvocationHandler.invoke(SharedEntityManagerCreator.java:240)
	at $Proxy58.persist(Unknown Source)
	at freedays.app.FreeDay_Roo_Entity.ajc$interMethod$freedays_app_FreeDay_Roo_Entity$freedays_app_FreeDay$persist(FreeDay_Roo_Entity.aj:59)
	at freedays.app.FreeDay.persist(FreeDay.java:1)
	at freedays.app.FreeDay_Roo_Entity.ajc$interMethodDispatch1$freedays_app_FreeDay_Roo_Entity$freedays_app_FreeDay$persist(FreeDay_Roo_Entity.aj)
	at freedays.app.FreeDayVacationDataOnDemand.init(FreeDayVacationDataOnDemand.java:28)
	... 41 more

testRemove(freedays.app.FreeDayVacationIntegrationTest)  Time elapsed: 0.415 sec  <<< ERROR!
java.lang.RuntimeException: [ConstraintDescriptorImpl{annotation=javax.validation.constraints.NotNull, payloads=[], hasComposingConstraints=true, isReportAsSingleInvalidConstraint=false, elementType=FIELD, definedOn=DEFINED_LOCALLY, groups=[interface javax.validation.groups.Default], attributes={message={javax.validation.constraints.NotNull.message}, payload=[Ljava.lang.Class;@53281264, groups=[Ljava.lang.Class;@6bcf8de2}}:may not be null=null]
	at freedays.app.FreeDayVacationDataOnDemand.init(FreeDayVacationDataOnDemand.java:35)
	at freedays.app.FreeDayVacationDataOnDemand_Roo_DataOnDemand.ajc$interMethod$freedays_app_FreeDayVacationDataOnDemand_Roo_DataOnDemand$freedays_app_FreeDayVacationDataOnDemand$getRandomFreeDayVacation(FreeDayVacationDataOnDemand_Roo_DataOnDemand.aj:73)
	at freedays.app.FreeDayVacationDataOnDemand.getRandomFreeDayVacation(FreeDayVacationDataOnDemand.java:1)
	at freedays.app.FreeDayVacationDataOnDemand_Roo_DataOnDemand.ajc$interMethodDispatch1$freedays_app_FreeDayVacationDataOnDemand_Roo_DataOnDemand$freedays_app_FreeDayVacationDataOnDemand$getRandomFreeDayVacation(FreeDayVacationDataOnDemand_Roo_DataOnDemand.aj)
	at freedays.app.FreeDayVacationIntegrationTest_Roo_IntegrationTest.ajc$interMethod$freedays_app_FreeDayVacationIntegrationTest_Roo_IntegrationTest$freedays_app_FreeDayVacationIntegrationTest$testRemove(FreeDayVacationIntegrationTest_Roo_IntegrationTest.aj:105)
	at freedays.app.FreeDayVacationIntegrationTest.testRemove(FreeDayVacationIntegrationTest.java:1)
	at sun.reflect.NativeMethodAccessorImpl.invoke0(Native Method)
	at sun.reflect.NativeMethodAccessorImpl.invoke(NativeMethodAccessorImpl.java:39)
	at sun.reflect.DelegatingMethodAccessorImpl.invoke(DelegatingMethodAccessorImpl.java:25)
	at java.lang.reflect.Method.invoke(Method.java:597)
	at org.junit.runners.model.FrameworkMethod$1.runReflectiveCall(FrameworkMethod.java:44)
	at org.junit.internal.runners.model.ReflectiveCallable.run(ReflectiveCallable.java:15)
	at org.junit.runners.model.FrameworkMethod.invokeExplosively(FrameworkMethod.java:41)
	at org.junit.internal.runners.statements.InvokeMethod.evaluate(InvokeMethod.java:20)
	at org.junit.internal.runners.statements.RunBefores.evaluate(RunBefores.java:28)
	at org.springframework.test.context.junit4.statements.RunBeforeTestMethodCallbacks.evaluate(RunBeforeTestMethodCallbacks.java:74)
	at org.junit.internal.runners.statements.RunAfters.evaluate(RunAfters.java:31)
	at org.springframework.test.context.junit4.statements.RunAfterTestMethodCallbacks.evaluate(RunAfterTestMethodCallbacks.java:82)
	at org.springframework.test.context.junit4.statements.SpringRepeat.evaluate(SpringRepeat.java:72)
	at org.springframework.test.context.junit4.SpringJUnit4ClassRunner.runChild(SpringJUnit4ClassRunner.java:240)
	at org.junit.runners.BlockJUnit4ClassRunner.runChild(BlockJUnit4ClassRunner.java:49)
	at org.junit.runners.ParentRunner$3.run(ParentRunner.java:193)
	at org.junit.runners.ParentRunner$1.schedule(ParentRunner.java:52)
	at org.junit.runners.ParentRunner.runChildren(ParentRunner.java:191)
	at org.junit.runners.ParentRunner.access$000(ParentRunner.java:42)
	at org.junit.runners.ParentRunner$2.evaluate(ParentRunner.java:184)
	at org.springframework.test.context.junit4.statements.RunBeforeTestClassCallbacks.evaluate(RunBeforeTestClassCallbacks.java:61)
	at org.springframework.test.context.junit4.statements.RunAfterTestClassCallbacks.evaluate(RunAfterTestClassCallbacks.java:70)
	at org.junit.runners.ParentRunner.run(ParentRunner.java:236)
	at org.springframework.test.context.junit4.SpringJUnit4ClassRunner.run(SpringJUnit4ClassRunner.java:180)
	at org.apache.maven.surefire.junit4.JUnit4TestSet.execute(JUnit4TestSet.java:35)
	at org.apache.maven.surefire.junit4.JUnit4Provider.executeTestSet(JUnit4Provider.java:115)
	at org.apache.maven.surefire.junit4.JUnit4Provider.invoke(JUnit4Provider.java:97)
	at sun.reflect.NativeMethodAccessorImpl.invoke0(Native Method)
	at sun.reflect.NativeMethodAccessorImpl.invoke(NativeMethodAccessorImpl.java:39)
	at sun.reflect.DelegatingMethodAccessorImpl.invoke(DelegatingMethodAccessorImpl.java:25)
	at java.lang.reflect.Method.invoke(Method.java:597)
	at org.apache.maven.surefire.booter.ProviderFactory$ClassLoaderProxy.invoke(ProviderFactory.java:103)
	at $Proxy0.invoke(Unknown Source)
	at org.apache.maven.surefire.booter.SurefireStarter.invokeProvider(SurefireStarter.java:150)
	at org.apache.maven.surefire.booter.SurefireStarter.runSuitesInProcess(SurefireStarter.java:91)
	at org.apache.maven.surefire.booter.ForkedBooter.main(ForkedBooter.java:69)
Caused by: javax.validation.ConstraintViolationException: Validation failed for classes [freedays.app.FreeDayVacation] during persist time for groups [javax.validation.groups.Default, ]
List of constraint violations:[
	ConstraintViolationImpl{interpolatedMessage='may not be null', propertyPath=date, rootBeanClass=class freedays.app.FreeDayVacation, messageTemplate='{javax.validation.constraints.NotNull.message}'}
]
	at org.hibernate.cfg.beanvalidation.BeanValidationEventListener.validate(BeanValidationEventListener.java:161)
	at org.hibernate.cfg.beanvalidation.BeanValidationEventListener.onPreInsert(BeanValidationEventListener.java:94)
	at org.hibernate.action.EntityIdentityInsertAction.preInsert(EntityIdentityInsertAction.java:160)
	at org.hibernate.action.EntityIdentityInsertAction.execute(EntityIdentityInsertAction.java:65)
	at org.hibernate.engine.ActionQueue.execute(ActionQueue.java:273)
	at org.hibernate.event.def.AbstractSaveEventListener.performSaveOrReplicate(AbstractSaveEventListener.java:320)
	at org.hibernate.event.def.AbstractSaveEventListener.performSave(AbstractSaveEventListener.java:203)
	at org.hibernate.event.def.AbstractSaveEventListener.saveWithGeneratedId(AbstractSaveEventListener.java:129)
	at org.hibernate.ejb.event.EJB3PersistEventListener.saveWithGeneratedId(EJB3PersistEventListener.java:69)
	at org.hibernate.event.def.DefaultPersistEventListener.entityIsTransient(DefaultPersistEventListener.java:179)
	at org.hibernate.event.def.DefaultPersistEventListener.onPersist(DefaultPersistEventListener.java:135)
	at org.hibernate.event.def.DefaultPersistEventListener.onPersist(DefaultPersistEventListener.java:61)
	at org.hibernate.impl.SessionImpl.firePersist(SessionImpl.java:808)
	at org.hibernate.impl.SessionImpl.persist(SessionImpl.java:782)
	at org.hibernate.impl.SessionImpl.persist(SessionImpl.java:786)
	at org.hibernate.ejb.AbstractEntityManagerImpl.persist(AbstractEntityManagerImpl.java:672)
	at sun.reflect.GeneratedMethodAccessor13.invoke(Unknown Source)
	at sun.reflect.DelegatingMethodAccessorImpl.invoke(DelegatingMethodAccessorImpl.java:25)
	at java.lang.reflect.Method.invoke(Method.java:597)
	at org.springframework.orm.jpa.SharedEntityManagerCreator$SharedEntityManagerInvocationHandler.invoke(SharedEntityManagerCreator.java:240)
	at $Proxy58.persist(Unknown Source)
	at freedays.app.FreeDay_Roo_Entity.ajc$interMethod$freedays_app_FreeDay_Roo_Entity$freedays_app_FreeDay$persist(FreeDay_Roo_Entity.aj:59)
	at freedays.app.FreeDay.persist(FreeDay.java:1)
	at freedays.app.FreeDay_Roo_Entity.ajc$interMethodDispatch1$freedays_app_FreeDay_Roo_Entity$freedays_app_FreeDay$persist(FreeDay_Roo_Entity.aj)
	at freedays.app.FreeDayVacationDataOnDemand.init(FreeDayVacationDataOnDemand.java:28)
	... 41 more

testCountFreeDayVacations(freedays.app.FreeDayVacationIntegrationTest)  Time elapsed: 0.373 sec  <<< ERROR!
java.lang.RuntimeException: [ConstraintDescriptorImpl{annotation=javax.validation.constraints.NotNull, payloads=[], hasComposingConstraints=true, isReportAsSingleInvalidConstraint=false, elementType=FIELD, definedOn=DEFINED_LOCALLY, groups=[interface javax.validation.groups.Default], attributes={message={javax.validation.constraints.NotNull.message}, payload=[Ljava.lang.Class;@53281264, groups=[Ljava.lang.Class;@6bcf8de2}}:may not be null=null]
	at freedays.app.FreeDayVacationDataOnDemand.init(FreeDayVacationDataOnDemand.java:35)
	at freedays.app.FreeDayVacationDataOnDemand_Roo_DataOnDemand.ajc$interMethod$freedays_app_FreeDayVacationDataOnDemand_Roo_DataOnDemand$freedays_app_FreeDayVacationDataOnDemand$getRandomFreeDayVacation(FreeDayVacationDataOnDemand_Roo_DataOnDemand.aj:73)
	at freedays.app.FreeDayVacationDataOnDemand.getRandomFreeDayVacation(FreeDayVacationDataOnDemand.java:1)
	at freedays.app.FreeDayVacationDataOnDemand_Roo_DataOnDemand.ajc$interMethodDispatch1$freedays_app_FreeDayVacationDataOnDemand_Roo_DataOnDemand$freedays_app_FreeDayVacationDataOnDemand$getRandomFreeDayVacation(FreeDayVacationDataOnDemand_Roo_DataOnDemand.aj)
	at freedays.app.FreeDayVacationIntegrationTest_Roo_IntegrationTest.ajc$interMethod$freedays_app_FreeDayVacationIntegrationTest_Roo_IntegrationTest$freedays_app_FreeDayVacationIntegrationTest$testCountFreeDayVacations(FreeDayVacationIntegrationTest_Roo_IntegrationTest.aj:27)
	at freedays.app.FreeDayVacationIntegrationTest.testCountFreeDayVacations(FreeDayVacationIntegrationTest.java:1)
	at sun.reflect.NativeMethodAccessorImpl.invoke0(Native Method)
	at sun.reflect.NativeMethodAccessorImpl.invoke(NativeMethodAccessorImpl.java:39)
	at sun.reflect.DelegatingMethodAccessorImpl.invoke(DelegatingMethodAccessorImpl.java:25)
	at java.lang.reflect.Method.invoke(Method.java:597)
	at org.junit.runners.model.FrameworkMethod$1.runReflectiveCall(FrameworkMethod.java:44)
	at org.junit.internal.runners.model.ReflectiveCallable.run(ReflectiveCallable.java:15)
	at org.junit.runners.model.FrameworkMethod.invokeExplosively(FrameworkMethod.java:41)
	at org.junit.internal.runners.statements.InvokeMethod.evaluate(InvokeMethod.java:20)
	at org.junit.internal.runners.statements.RunBefores.evaluate(RunBefores.java:28)
	at org.springframework.test.context.junit4.statements.RunBeforeTestMethodCallbacks.evaluate(RunBeforeTestMethodCallbacks.java:74)
	at org.junit.internal.runners.statements.RunAfters.evaluate(RunAfters.java:31)
	at org.springframework.test.context.junit4.statements.RunAfterTestMethodCallbacks.evaluate(RunAfterTestMethodCallbacks.java:82)
	at org.springframework.test.context.junit4.statements.SpringRepeat.evaluate(SpringRepeat.java:72)
	at org.springframework.test.context.junit4.SpringJUnit4ClassRunner.runChild(SpringJUnit4ClassRunner.java:240)
	at org.junit.runners.BlockJUnit4ClassRunner.runChild(BlockJUnit4ClassRunner.java:49)
	at org.junit.runners.ParentRunner$3.run(ParentRunner.java:193)
	at org.junit.runners.ParentRunner$1.schedule(ParentRunner.java:52)
	at org.junit.runners.ParentRunner.runChildren(ParentRunner.java:191)
	at org.junit.runners.ParentRunner.access$000(ParentRunner.java:42)
	at org.junit.runners.ParentRunner$2.evaluate(ParentRunner.java:184)
	at org.springframework.test.context.junit4.statements.RunBeforeTestClassCallbacks.evaluate(RunBeforeTestClassCallbacks.java:61)
	at org.springframework.test.context.junit4.statements.RunAfterTestClassCallbacks.evaluate(RunAfterTestClassCallbacks.java:70)
	at org.junit.runners.ParentRunner.run(ParentRunner.java:236)
	at org.springframework.test.context.junit4.SpringJUnit4ClassRunner.run(SpringJUnit4ClassRunner.java:180)
	at org.apache.maven.surefire.junit4.JUnit4TestSet.execute(JUnit4TestSet.java:35)
	at org.apache.maven.surefire.junit4.JUnit4Provider.executeTestSet(JUnit4Provider.java:115)
	at org.apache.maven.surefire.junit4.JUnit4Provider.invoke(JUnit4Provider.java:97)
	at sun.reflect.NativeMethodAccessorImpl.invoke0(Native Method)
	at sun.reflect.NativeMethodAccessorImpl.invoke(NativeMethodAccessorImpl.java:39)
	at sun.reflect.DelegatingMethodAccessorImpl.invoke(DelegatingMethodAccessorImpl.java:25)
	at java.lang.reflect.Method.invoke(Method.java:597)
	at org.apache.maven.surefire.booter.ProviderFactory$ClassLoaderProxy.invoke(ProviderFactory.java:103)
	at $Proxy0.invoke(Unknown Source)
	at org.apache.maven.surefire.booter.SurefireStarter.invokeProvider(SurefireStarter.java:150)
	at org.apache.maven.surefire.booter.SurefireStarter.runSuitesInProcess(SurefireStarter.java:91)
	at org.apache.maven.surefire.booter.ForkedBooter.main(ForkedBooter.java:69)
Caused by: javax.validation.ConstraintViolationException: Validation failed for classes [freedays.app.FreeDayVacation] during persist time for groups [javax.validation.groups.Default, ]
List of constraint violations:[
	ConstraintViolationImpl{interpolatedMessage='may not be null', propertyPath=date, rootBeanClass=class freedays.app.FreeDayVacation, messageTemplate='{javax.validation.constraints.NotNull.message}'}
]
	at org.hibernate.cfg.beanvalidation.BeanValidationEventListener.validate(BeanValidationEventListener.java:161)
	at org.hibernate.cfg.beanvalidation.BeanValidationEventListener.onPreInsert(BeanValidationEventListener.java:94)
	at org.hibernate.action.EntityIdentityInsertAction.preInsert(EntityIdentityInsertAction.java:160)
	at org.hibernate.action.EntityIdentityInsertAction.execute(EntityIdentityInsertAction.java:65)
	at org.hibernate.engine.ActionQueue.execute(ActionQueue.java:273)
	at org.hibernate.event.def.AbstractSaveEventListener.performSaveOrReplicate(AbstractSaveEventListener.java:320)
	at org.hibernate.event.def.AbstractSaveEventListener.performSave(AbstractSaveEventListener.java:203)
	at org.hibernate.event.def.AbstractSaveEventListener.saveWithGeneratedId(AbstractSaveEventListener.java:129)
	at org.hibernate.ejb.event.EJB3PersistEventListener.saveWithGeneratedId(EJB3PersistEventListener.java:69)
	at org.hibernate.event.def.DefaultPersistEventListener.entityIsTransient(DefaultPersistEventListener.java:179)
	at org.hibernate.event.def.DefaultPersistEventListener.onPersist(DefaultPersistEventListener.java:135)
	at org.hibernate.event.def.DefaultPersistEventListener.onPersist(DefaultPersistEventListener.java:61)
	at org.hibernate.impl.SessionImpl.firePersist(SessionImpl.java:808)
	at org.hibernate.impl.SessionImpl.persist(SessionImpl.java:782)
	at org.hibernate.impl.SessionImpl.persist(SessionImpl.java:786)
	at org.hibernate.ejb.AbstractEntityManagerImpl.persist(AbstractEntityManagerImpl.java:672)
	at sun.reflect.GeneratedMethodAccessor13.invoke(Unknown Source)
	at sun.reflect.DelegatingMethodAccessorImpl.invoke(DelegatingMethodAccessorImpl.java:25)
	at java.lang.reflect.Method.invoke(Method.java:597)
	at org.springframework.orm.jpa.SharedEntityManagerCreator$SharedEntityManagerInvocationHandler.invoke(SharedEntityManagerCreator.java:240)
	at $Proxy58.persist(Unknown Source)
	at freedays.app.FreeDay_Roo_Entity.ajc$interMethod$freedays_app_FreeDay_Roo_Entity$freedays_app_FreeDay$persist(FreeDay_Roo_Entity.aj:59)
	at freedays.app.FreeDay.persist(FreeDay.java:1)
	at freedays.app.FreeDay_Roo_Entity.ajc$interMethodDispatch1$freedays_app_FreeDay_Roo_Entity$freedays_app_FreeDay$persist(FreeDay_Roo_Entity.aj)
	at freedays.app.FreeDayVacationDataOnDemand.init(FreeDayVacationDataOnDemand.java:28)
	... 41 more

testFindFreeDayVacation(freedays.app.FreeDayVacationIntegrationTest)  Time elapsed: 0.367 sec  <<< ERROR!
java.lang.RuntimeException: [ConstraintDescriptorImpl{annotation=javax.validation.constraints.NotNull, payloads=[], hasComposingConstraints=true, isReportAsSingleInvalidConstraint=false, elementType=FIELD, definedOn=DEFINED_LOCALLY, groups=[interface javax.validation.groups.Default], attributes={message={javax.validation.constraints.NotNull.message}, payload=[Ljava.lang.Class;@53281264, groups=[Ljava.lang.Class;@6bcf8de2}}:may not be null=null]
	at freedays.app.FreeDayVacationDataOnDemand.init(FreeDayVacationDataOnDemand.java:35)
	at freedays.app.FreeDayVacationDataOnDemand_Roo_DataOnDemand.ajc$interMethod$freedays_app_FreeDayVacationDataOnDemand_Roo_DataOnDemand$freedays_app_FreeDayVacationDataOnDemand$getRandomFreeDayVacation(FreeDayVacationDataOnDemand_Roo_DataOnDemand.aj:73)
	at freedays.app.FreeDayVacationDataOnDemand.getRandomFreeDayVacation(FreeDayVacationDataOnDemand.java:1)
	at freedays.app.FreeDayVacationDataOnDemand_Roo_DataOnDemand.ajc$interMethodDispatch1$freedays_app_FreeDayVacationDataOnDemand_Roo_DataOnDemand$freedays_app_FreeDayVacationDataOnDemand$getRandomFreeDayVacation(FreeDayVacationDataOnDemand_Roo_DataOnDemand.aj)
	at freedays.app.FreeDayVacationIntegrationTest_Roo_IntegrationTest.ajc$interMethod$freedays_app_FreeDayVacationIntegrationTest_Roo_IntegrationTest$freedays_app_FreeDayVacationIntegrationTest$testFindFreeDayVacation(FreeDayVacationIntegrationTest_Roo_IntegrationTest.aj:34)
	at freedays.app.FreeDayVacationIntegrationTest.testFindFreeDayVacation(FreeDayVacationIntegrationTest.java:1)
	at sun.reflect.NativeMethodAccessorImpl.invoke0(Native Method)
	at sun.reflect.NativeMethodAccessorImpl.invoke(NativeMethodAccessorImpl.java:39)
	at sun.reflect.DelegatingMethodAccessorImpl.invoke(DelegatingMethodAccessorImpl.java:25)
	at java.lang.reflect.Method.invoke(Method.java:597)
	at org.junit.runners.model.FrameworkMethod$1.runReflectiveCall(FrameworkMethod.java:44)
	at org.junit.internal.runners.model.ReflectiveCallable.run(ReflectiveCallable.java:15)
	at org.junit.runners.model.FrameworkMethod.invokeExplosively(FrameworkMethod.java:41)
	at org.junit.internal.runners.statements.InvokeMethod.evaluate(InvokeMethod.java:20)
	at org.junit.internal.runners.statements.RunBefores.evaluate(RunBefores.java:28)
	at org.springframework.test.context.junit4.statements.RunBeforeTestMethodCallbacks.evaluate(RunBeforeTestMethodCallbacks.java:74)
	at org.junit.internal.runners.statements.RunAfters.evaluate(RunAfters.java:31)
	at org.springframework.test.context.junit4.statements.RunAfterTestMethodCallbacks.evaluate(RunAfterTestMethodCallbacks.java:82)
	at org.springframework.test.context.junit4.statements.SpringRepeat.evaluate(SpringRepeat.java:72)
	at org.springframework.test.context.junit4.SpringJUnit4ClassRunner.runChild(SpringJUnit4ClassRunner.java:240)
	at org.junit.runners.BlockJUnit4ClassRunner.runChild(BlockJUnit4ClassRunner.java:49)
	at org.junit.runners.ParentRunner$3.run(ParentRunner.java:193)
	at org.junit.runners.ParentRunner$1.schedule(ParentRunner.java:52)
	at org.junit.runners.ParentRunner.runChildren(ParentRunner.java:191)
	at org.junit.runners.ParentRunner.access$000(ParentRunner.java:42)
	at org.junit.runners.ParentRunner$2.evaluate(ParentRunner.java:184)
	at org.springframework.test.context.junit4.statements.RunBeforeTestClassCallbacks.evaluate(RunBeforeTestClassCallbacks.java:61)
	at org.springframework.test.context.junit4.statements.RunAfterTestClassCallbacks.evaluate(RunAfterTestClassCallbacks.java:70)
	at org.junit.runners.ParentRunner.run(ParentRunner.java:236)
	at org.springframework.test.context.junit4.SpringJUnit4ClassRunner.run(SpringJUnit4ClassRunner.java:180)
	at org.apache.maven.surefire.junit4.JUnit4TestSet.execute(JUnit4TestSet.java:35)
	at org.apache.maven.surefire.junit4.JUnit4Provider.executeTestSet(JUnit4Provider.java:115)
	at org.apache.maven.surefire.junit4.JUnit4Provider.invoke(JUnit4Provider.java:97)
	at sun.reflect.NativeMethodAccessorImpl.invoke0(Native Method)
	at sun.reflect.NativeMethodAccessorImpl.invoke(NativeMethodAccessorImpl.java:39)
	at sun.reflect.DelegatingMethodAccessorImpl.invoke(DelegatingMethodAccessorImpl.java:25)
	at java.lang.reflect.Method.invoke(Method.java:597)
	at org.apache.maven.surefire.booter.ProviderFactory$ClassLoaderProxy.invoke(ProviderFactory.java:103)
	at $Proxy0.invoke(Unknown Source)
	at org.apache.maven.surefire.booter.SurefireStarter.invokeProvider(SurefireStarter.java:150)
	at org.apache.maven.surefire.booter.SurefireStarter.runSuitesInProcess(SurefireStarter.java:91)
	at org.apache.maven.surefire.booter.ForkedBooter.main(ForkedBooter.java:69)
Caused by: javax.validation.ConstraintViolationException: Validation failed for classes [freedays.app.FreeDayVacation] during persist time for groups [javax.validation.groups.Default, ]
List of constraint violations:[
	ConstraintViolationImpl{interpolatedMessage='may not be null', propertyPath=date, rootBeanClass=class freedays.app.FreeDayVacation, messageTemplate='{javax.validation.constraints.NotNull.message}'}
]
	at org.hibernate.cfg.beanvalidation.BeanValidationEventListener.validate(BeanValidationEventListener.java:161)
	at org.hibernate.cfg.beanvalidation.BeanValidationEventListener.onPreInsert(BeanValidationEventListener.java:94)
	at org.hibernate.action.EntityIdentityInsertAction.preInsert(EntityIdentityInsertAction.java:160)
	at org.hibernate.action.EntityIdentityInsertAction.execute(EntityIdentityInsertAction.java:65)
	at org.hibernate.engine.ActionQueue.execute(ActionQueue.java:273)
	at org.hibernate.event.def.AbstractSaveEventListener.performSaveOrReplicate(AbstractSaveEventListener.java:320)
	at org.hibernate.event.def.AbstractSaveEventListener.performSave(AbstractSaveEventListener.java:203)
	at org.hibernate.event.def.AbstractSaveEventListener.saveWithGeneratedId(AbstractSaveEventListener.java:129)
	at org.hibernate.ejb.event.EJB3PersistEventListener.saveWithGeneratedId(EJB3PersistEventListener.java:69)
	at org.hibernate.event.def.DefaultPersistEventListener.entityIsTransient(DefaultPersistEventListener.java:179)
	at org.hibernate.event.def.DefaultPersistEventListener.onPersist(DefaultPersistEventListener.java:135)
	at org.hibernate.event.def.DefaultPersistEventListener.onPersist(DefaultPersistEventListener.java:61)
	at org.hibernate.impl.SessionImpl.firePersist(SessionImpl.java:808)
	at org.hibernate.impl.SessionImpl.persist(SessionImpl.java:782)
	at org.hibernate.impl.SessionImpl.persist(SessionImpl.java:786)
	at org.hibernate.ejb.AbstractEntityManagerImpl.persist(AbstractEntityManagerImpl.java:672)
	at sun.reflect.GeneratedMethodAccessor13.invoke(Unknown Source)
	at sun.reflect.DelegatingMethodAccessorImpl.invoke(DelegatingMethodAccessorImpl.java:25)
	at java.lang.reflect.Method.invoke(Method.java:597)
	at org.springframework.orm.jpa.SharedEntityManagerCreator$SharedEntityManagerInvocationHandler.invoke(SharedEntityManagerCreator.java:240)
	at $Proxy58.persist(Unknown Source)
	at freedays.app.FreeDay_Roo_Entity.ajc$interMethod$freedays_app_FreeDay_Roo_Entity$freedays_app_FreeDay$persist(FreeDay_Roo_Entity.aj:59)
	at freedays.app.FreeDay.persist(FreeDay.java:1)
	at freedays.app.FreeDay_Roo_Entity.ajc$interMethodDispatch1$freedays_app_FreeDay_Roo_Entity$freedays_app_FreeDay$persist(FreeDay_Roo_Entity.aj)
	at freedays.app.FreeDayVacationDataOnDemand.init(FreeDayVacationDataOnDemand.java:28)
	... 41 more

testFindAllFreeDayVacations(freedays.app.FreeDayVacationIntegrationTest)  Time elapsed: 0.432 sec  <<< ERROR!
java.lang.RuntimeException: [ConstraintDescriptorImpl{annotation=javax.validation.constraints.NotNull, payloads=[], hasComposingConstraints=true, isReportAsSingleInvalidConstraint=false, elementType=FIELD, definedOn=DEFINED_LOCALLY, groups=[interface javax.validation.groups.Default], attributes={message={javax.validation.constraints.NotNull.message}, payload=[Ljava.lang.Class;@53281264, groups=[Ljava.lang.Class;@6bcf8de2}}:may not be null=null]
	at freedays.app.FreeDayVacationDataOnDemand.init(FreeDayVacationDataOnDemand.java:35)
	at freedays.app.FreeDayVacationDataOnDemand_Roo_DataOnDemand.ajc$interMethod$freedays_app_FreeDayVacationDataOnDemand_Roo_DataOnDemand$freedays_app_FreeDayVacationDataOnDemand$getRandomFreeDayVacation(FreeDayVacationDataOnDemand_Roo_DataOnDemand.aj:73)
	at freedays.app.FreeDayVacationDataOnDemand.getRandomFreeDayVacation(FreeDayVacationDataOnDemand.java:1)
	at freedays.app.FreeDayVacationDataOnDemand_Roo_DataOnDemand.ajc$interMethodDispatch1$freedays_app_FreeDayVacationDataOnDemand_Roo_DataOnDemand$freedays_app_FreeDayVacationDataOnDemand$getRandomFreeDayVacation(FreeDayVacationDataOnDemand_Roo_DataOnDemand.aj)
	at freedays.app.FreeDayVacationIntegrationTest_Roo_IntegrationTest.ajc$interMethod$freedays_app_FreeDayVacationIntegrationTest_Roo_IntegrationTest$freedays_app_FreeDayVacationIntegrationTest$testFindAllFreeDayVacations(FreeDayVacationIntegrationTest_Roo_IntegrationTest.aj:45)
	at freedays.app.FreeDayVacationIntegrationTest.testFindAllFreeDayVacations(FreeDayVacationIntegrationTest.java:1)
	at sun.reflect.NativeMethodAccessorImpl.invoke0(Native Method)
	at sun.reflect.NativeMethodAccessorImpl.invoke(NativeMethodAccessorImpl.java:39)
	at sun.reflect.DelegatingMethodAccessorImpl.invoke(DelegatingMethodAccessorImpl.java:25)
	at java.lang.reflect.Method.invoke(Method.java:597)
	at org.junit.runners.model.FrameworkMethod$1.runReflectiveCall(FrameworkMethod.java:44)
	at org.junit.internal.runners.model.ReflectiveCallable.run(ReflectiveCallable.java:15)
	at org.junit.runners.model.FrameworkMethod.invokeExplosively(FrameworkMethod.java:41)
	at org.junit.internal.runners.statements.InvokeMethod.evaluate(InvokeMethod.java:20)
	at org.junit.internal.runners.statements.RunBefores.evaluate(RunBefores.java:28)
	at org.springframework.test.context.junit4.statements.RunBeforeTestMethodCallbacks.evaluate(RunBeforeTestMethodCallbacks.java:74)
	at org.junit.internal.runners.statements.RunAfters.evaluate(RunAfters.java:31)
	at org.springframework.test.context.junit4.statements.RunAfterTestMethodCallbacks.evaluate(RunAfterTestMethodCallbacks.java:82)
	at org.springframework.test.context.junit4.statements.SpringRepeat.evaluate(SpringRepeat.java:72)
	at org.springframework.test.context.junit4.SpringJUnit4ClassRunner.runChild(SpringJUnit4ClassRunner.java:240)
	at org.junit.runners.BlockJUnit4ClassRunner.runChild(BlockJUnit4ClassRunner.java:49)
	at org.junit.runners.ParentRunner$3.run(ParentRunner.java:193)
	at org.junit.runners.ParentRunner$1.schedule(ParentRunner.java:52)
	at org.junit.runners.ParentRunner.runChildren(ParentRunner.java:191)
	at org.junit.runners.ParentRunner.access$000(ParentRunner.java:42)
	at org.junit.runners.ParentRunner$2.evaluate(ParentRunner.java:184)
	at org.springframework.test.context.junit4.statements.RunBeforeTestClassCallbacks.evaluate(RunBeforeTestClassCallbacks.java:61)
	at org.springframework.test.context.junit4.statements.RunAfterTestClassCallbacks.evaluate(RunAfterTestClassCallbacks.java:70)
	at org.junit.runners.ParentRunner.run(ParentRunner.java:236)
	at org.springframework.test.context.junit4.SpringJUnit4ClassRunner.run(SpringJUnit4ClassRunner.java:180)
	at org.apache.maven.surefire.junit4.JUnit4TestSet.execute(JUnit4TestSet.java:35)
	at org.apache.maven.surefire.junit4.JUnit4Provider.executeTestSet(JUnit4Provider.java:115)
	at org.apache.maven.surefire.junit4.JUnit4Provider.invoke(JUnit4Provider.java:97)
	at sun.reflect.NativeMethodAccessorImpl.invoke0(Native Method)
	at sun.reflect.NativeMethodAccessorImpl.invoke(NativeMethodAccessorImpl.java:39)
	at sun.reflect.DelegatingMethodAccessorImpl.invoke(DelegatingMethodAccessorImpl.java:25)
	at java.lang.reflect.Method.invoke(Method.java:597)
	at org.apache.maven.surefire.booter.ProviderFactory$ClassLoaderProxy.invoke(ProviderFactory.java:103)
	at $Proxy0.invoke(Unknown Source)
	at org.apache.maven.surefire.booter.SurefireStarter.invokeProvider(SurefireStarter.java:150)
	at org.apache.maven.surefire.booter.SurefireStarter.runSuitesInProcess(SurefireStarter.java:91)
	at org.apache.maven.surefire.booter.ForkedBooter.main(ForkedBooter.java:69)
Caused by: javax.validation.ConstraintViolationException: Validation failed for classes [freedays.app.FreeDayVacation] during persist time for groups [javax.validation.groups.Default, ]
List of constraint violations:[
	ConstraintViolationImpl{interpolatedMessage='may not be null', propertyPath=date, rootBeanClass=class freedays.app.FreeDayVacation, messageTemplate='{javax.validation.constraints.NotNull.message}'}
]
	at org.hibernate.cfg.beanvalidation.BeanValidationEventListener.validate(BeanValidationEventListener.java:161)
	at org.hibernate.cfg.beanvalidation.BeanValidationEventListener.onPreInsert(BeanValidationEventListener.java:94)
	at org.hibernate.action.EntityIdentityInsertAction.preInsert(EntityIdentityInsertAction.java:160)
	at org.hibernate.action.EntityIdentityInsertAction.execute(EntityIdentityInsertAction.java:65)
	at org.hibernate.engine.ActionQueue.execute(ActionQueue.java:273)
	at org.hibernate.event.def.AbstractSaveEventListener.performSaveOrReplicate(AbstractSaveEventListener.java:320)
	at org.hibernate.event.def.AbstractSaveEventListener.performSave(AbstractSaveEventListener.java:203)
	at org.hibernate.event.def.AbstractSaveEventListener.saveWithGeneratedId(AbstractSaveEventListener.java:129)
	at org.hibernate.ejb.event.EJB3PersistEventListener.saveWithGeneratedId(EJB3PersistEventListener.java:69)
	at org.hibernate.event.def.DefaultPersistEventListener.entityIsTransient(DefaultPersistEventListener.java:179)
	at org.hibernate.event.def.DefaultPersistEventListener.onPersist(DefaultPersistEventListener.java:135)
	at org.hibernate.event.def.DefaultPersistEventListener.onPersist(DefaultPersistEventListener.java:61)
	at org.hibernate.impl.SessionImpl.firePersist(SessionImpl.java:808)
	at org.hibernate.impl.SessionImpl.persist(SessionImpl.java:782)
	at org.hibernate.impl.SessionImpl.persist(SessionImpl.java:786)
	at org.hibernate.ejb.AbstractEntityManagerImpl.persist(AbstractEntityManagerImpl.java:672)
	at sun.reflect.GeneratedMethodAccessor13.invoke(Unknown Source)
	at sun.reflect.DelegatingMethodAccessorImpl.invoke(DelegatingMethodAccessorImpl.java:25)
	at java.lang.reflect.Method.invoke(Method.java:597)
	at org.springframework.orm.jpa.SharedEntityManagerCreator$SharedEntityManagerInvocationHandler.invoke(SharedEntityManagerCreator.java:240)
	at $Proxy58.persist(Unknown Source)
	at freedays.app.FreeDay_Roo_Entity.ajc$interMethod$freedays_app_FreeDay_Roo_Entity$freedays_app_FreeDay$persist(FreeDay_Roo_Entity.aj:59)
	at freedays.app.FreeDay.persist(FreeDay.java:1)
	at freedays.app.FreeDay_Roo_Entity.ajc$interMethodDispatch1$freedays_app_FreeDay_Roo_Entity$freedays_app_FreeDay$persist(FreeDay_Roo_Entity.aj)
	at freedays.app.FreeDayVacationDataOnDemand.init(FreeDayVacationDataOnDemand.java:28)
	... 41 more

testFindFreeDayVacationEntries(freedays.app.FreeDayVacationIntegrationTest)  Time elapsed: 0.463 sec  <<< ERROR!
java.lang.RuntimeException: [ConstraintDescriptorImpl{annotation=javax.validation.constraints.NotNull, payloads=[], hasComposingConstraints=true, isReportAsSingleInvalidConstraint=false, elementType=FIELD, definedOn=DEFINED_LOCALLY, groups=[interface javax.validation.groups.Default], attributes={message={javax.validation.constraints.NotNull.message}, payload=[Ljava.lang.Class;@53281264, groups=[Ljava.lang.Class;@6bcf8de2}}:may not be null=null]
	at freedays.app.FreeDayVacationDataOnDemand.init(FreeDayVacationDataOnDemand.java:35)
	at freedays.app.FreeDayVacationDataOnDemand_Roo_DataOnDemand.ajc$interMethod$freedays_app_FreeDayVacationDataOnDemand_Roo_DataOnDemand$freedays_app_FreeDayVacationDataOnDemand$getRandomFreeDayVacation(FreeDayVacationDataOnDemand_Roo_DataOnDemand.aj:73)
	at freedays.app.FreeDayVacationDataOnDemand.getRandomFreeDayVacation(FreeDayVacationDataOnDemand.java:1)
	at freedays.app.FreeDayVacationDataOnDemand_Roo_DataOnDemand.ajc$interMethodDispatch1$freedays_app_FreeDayVacationDataOnDemand_Roo_DataOnDemand$freedays_app_FreeDayVacationDataOnDemand$getRandomFreeDayVacation(FreeDayVacationDataOnDemand_Roo_DataOnDemand.aj)
	at freedays.app.FreeDayVacationIntegrationTest_Roo_IntegrationTest.ajc$interMethod$freedays_app_FreeDayVacationIntegrationTest_Roo_IntegrationTest$freedays_app_FreeDayVacationIntegrationTest$testFindFreeDayVacationEntries(FreeDayVacationIntegrationTest_Roo_IntegrationTest.aj:55)
	at freedays.app.FreeDayVacationIntegrationTest.testFindFreeDayVacationEntries(FreeDayVacationIntegrationTest.java:1)
	at sun.reflect.NativeMethodAccessorImpl.invoke0(Native Method)
	at sun.reflect.NativeMethodAccessorImpl.invoke(NativeMethodAccessorImpl.java:39)
	at sun.reflect.DelegatingMethodAccessorImpl.invoke(DelegatingMethodAccessorImpl.java:25)
	at java.lang.reflect.Method.invoke(Method.java:597)
	at org.junit.runners.model.FrameworkMethod$1.runReflectiveCall(FrameworkMethod.java:44)
	at org.junit.internal.runners.model.ReflectiveCallable.run(ReflectiveCallable.java:15)
	at org.junit.runners.model.FrameworkMethod.invokeExplosively(FrameworkMethod.java:41)
	at org.junit.internal.runners.statements.InvokeMethod.evaluate(InvokeMethod.java:20)
	at org.junit.internal.runners.statements.RunBefores.evaluate(RunBefores.java:28)
	at org.springframework.test.context.junit4.statements.RunBeforeTestMethodCallbacks.evaluate(RunBeforeTestMethodCallbacks.java:74)
	at org.junit.internal.runners.statements.RunAfters.evaluate(RunAfters.java:31)
	at org.springframework.test.context.junit4.statements.RunAfterTestMethodCallbacks.evaluate(RunAfterTestMethodCallbacks.java:82)
	at org.springframework.test.context.junit4.statements.SpringRepeat.evaluate(SpringRepeat.java:72)
	at org.springframework.test.context.junit4.SpringJUnit4ClassRunner.runChild(SpringJUnit4ClassRunner.java:240)
	at org.junit.runners.BlockJUnit4ClassRunner.runChild(BlockJUnit4ClassRunner.java:49)
	at org.junit.runners.ParentRunner$3.run(ParentRunner.java:193)
	at org.junit.runners.ParentRunner$1.schedule(ParentRunner.java:52)
	at org.junit.runners.ParentRunner.runChildren(ParentRunner.java:191)
	at org.junit.runners.ParentRunner.access$000(ParentRunner.java:42)
	at org.junit.runners.ParentRunner$2.evaluate(ParentRunner.java:184)
	at org.springframework.test.context.junit4.statements.RunBeforeTestClassCallbacks.evaluate(RunBeforeTestClassCallbacks.java:61)
	at org.springframework.test.context.junit4.statements.RunAfterTestClassCallbacks.evaluate(RunAfterTestClassCallbacks.java:70)
	at org.junit.runners.ParentRunner.run(ParentRunner.java:236)
	at org.springframework.test.context.junit4.SpringJUnit4ClassRunner.run(SpringJUnit4ClassRunner.java:180)
	at org.apache.maven.surefire.junit4.JUnit4TestSet.execute(JUnit4TestSet.java:35)
	at org.apache.maven.surefire.junit4.JUnit4Provider.executeTestSet(JUnit4Provider.java:115)
	at org.apache.maven.surefire.junit4.JUnit4Provider.invoke(JUnit4Provider.java:97)
	at sun.reflect.NativeMethodAccessorImpl.invoke0(Native Method)
	at sun.reflect.NativeMethodAccessorImpl.invoke(NativeMethodAccessorImpl.java:39)
	at sun.reflect.DelegatingMethodAccessorImpl.invoke(DelegatingMethodAccessorImpl.java:25)
	at java.lang.reflect.Method.invoke(Method.java:597)
	at org.apache.maven.surefire.booter.ProviderFactory$ClassLoaderProxy.invoke(ProviderFactory.java:103)
	at $Proxy0.invoke(Unknown Source)
	at org.apache.maven.surefire.booter.SurefireStarter.invokeProvider(SurefireStarter.java:150)
	at org.apache.maven.surefire.booter.SurefireStarter.runSuitesInProcess(SurefireStarter.java:91)
	at org.apache.maven.surefire.booter.ForkedBooter.main(ForkedBooter.java:69)
Caused by: javax.validation.ConstraintViolationException: Validation failed for classes [freedays.app.FreeDayVacation] during persist time for groups [javax.validation.groups.Default, ]
List of constraint violations:[
	ConstraintViolationImpl{interpolatedMessage='may not be null', propertyPath=date, rootBeanClass=class freedays.app.FreeDayVacation, messageTemplate='{javax.validation.constraints.NotNull.message}'}
]
	at org.hibernate.cfg.beanvalidation.BeanValidationEventListener.validate(BeanValidationEventListener.java:161)
	at org.hibernate.cfg.beanvalidation.BeanValidationEventListener.onPreInsert(BeanValidationEventListener.java:94)
	at org.hibernate.action.EntityIdentityInsertAction.preInsert(EntityIdentityInsertAction.java:160)
	at org.hibernate.action.EntityIdentityInsertAction.execute(EntityIdentityInsertAction.java:65)
	at org.hibernate.engine.ActionQueue.execute(ActionQueue.java:273)
	at org.hibernate.event.def.AbstractSaveEventListener.performSaveOrReplicate(AbstractSaveEventListener.java:320)
	at org.hibernate.event.def.AbstractSaveEventListener.performSave(AbstractSaveEventListener.java:203)
	at org.hibernate.event.def.AbstractSaveEventListener.saveWithGeneratedId(AbstractSaveEventListener.java:129)
	at org.hibernate.ejb.event.EJB3PersistEventListener.saveWithGeneratedId(EJB3PersistEventListener.java:69)
	at org.hibernate.event.def.DefaultPersistEventListener.entityIsTransient(DefaultPersistEventListener.java:179)
	at org.hibernate.event.def.DefaultPersistEventListener.onPersist(DefaultPersistEventListener.java:135)
	at org.hibernate.event.def.DefaultPersistEventListener.onPersist(DefaultPersistEventListener.java:61)
	at org.hibernate.impl.SessionImpl.firePersist(SessionImpl.java:808)
	at org.hibernate.impl.SessionImpl.persist(SessionImpl.java:782)
	at org.hibernate.impl.SessionImpl.persist(SessionImpl.java:786)
	at org.hibernate.ejb.AbstractEntityManagerImpl.persist(AbstractEntityManagerImpl.java:672)
	at sun.reflect.GeneratedMethodAccessor13.invoke(Unknown Source)
	at sun.reflect.DelegatingMethodAccessorImpl.invoke(DelegatingMethodAccessorImpl.java:25)
	at java.lang.reflect.Method.invoke(Method.java:597)
	at org.springframework.orm.jpa.SharedEntityManagerCreator$SharedEntityManagerInvocationHandler.invoke(SharedEntityManagerCreator.java:240)
	at $Proxy58.persist(Unknown Source)
	at freedays.app.FreeDay_Roo_Entity.ajc$interMethod$freedays_app_FreeDay_Roo_Entity$freedays_app_FreeDay$persist(FreeDay_Roo_Entity.aj:59)
	at freedays.app.FreeDay.persist(FreeDay.java:1)
	at freedays.app.FreeDay_Roo_Entity.ajc$interMethodDispatch1$freedays_app_FreeDay_Roo_Entity$freedays_app_FreeDay$persist(FreeDay_Roo_Entity.aj)
	at freedays.app.FreeDayVacationDataOnDemand.init(FreeDayVacationDataOnDemand.java:28)
	... 41 more

